<?xml version="1.0" encoding="UTF-8"?>
<testng-results ignored="0" total="1" passed="1" failed="0" skipped="0">
  <reporter-output>
  </reporter-output>
  <suite started-at="2023-07-03T19:04:40 IST" name="Default suite" finished-at="2023-07-03T19:04:43 IST" duration-ms="3133">
    <groups>
    </groups>
    <test started-at="2023-07-03T19:04:40 IST" name="Default test" finished-at="2023-07-03T19:04:43 IST" duration-ms="3133">
      <class name="Testcases.ValidLogin">
        <test-method signature="validdatalogin()[pri:0, instance:Testcases.ValidLogin@39529185]" started-at="2023-07-03T19:04:40 IST" name="validdatalogin" finished-at="2023-07-03T19:04:43 IST" duration-ms="3073" status="PASS">
          <reporter-output>
          </reporter-output>
        </test-method> <!-- validdatalogin -->
      </class> <!-- Testcases.ValidLogin -->
    </test> <!-- Default test -->
  </suite> <!-- Default suite -->
</testng-results>
